C51 COMPILER V9.52.0.0   FIFO                                                              10/08/2014 10:47:02 PAGE 1   


C51 COMPILER V9.52.0.0, COMPILATION OF MODULE FIFO
OBJECT MODULE PLACED IN fifo.OBJ
COMPILER INVOKED BY: C:\Keil\C51\BIN\C51.EXE fifo.c LARGE BROWSE DEBUG OBJECTEXTEND TABS(2)

line level    source

   1          #include <stc\stc15f2k60s2.h>
   2          #include "delay.h"
   3          #include "fifo.h"
   4          #include "OV7670.h"
   5          
   6          void FIFO_Reset_Read_Addr()
   7          {
   8   1       FIFO_RRST=0;
   9   1       FIFO_RCK=0; 
  10   1       FIFO_RCK=1;
  11   1       FIFO_RCK=0; 
  12   1       FIFO_RRST=1;
  13   1       FIFO_RCK=1; 
  14   1      }
  15          void FIFO_Reset_Write_Addr()
  16          {
  17   1       FIFO_WRST=0;
  18   1       delay_us(10);
  19   1       FIFO_WRST=1;  
  20   1      }
  21          
  22          void  FIFO_Init()
  23          {
  24   1        FIFO_OE=0;
  25   1        FIFO_WR=0;
  26   1        FIFO_Reset_Write_Addr();
  27   1        FIFO_Reset_Read_Addr();
  28   1      }
  29          
  30          void FIFO_sav(void)
  31          {
  32   1        FIFO_Reset_Write_Addr();
  33   1        FIFO_Reset_Read_Addr();
  34   1        while(VSYNC);
  35   1        while(!VSYNC);
  36   1        FIFO_WR=1;
  37   1        while(VSYNC);
  38   1        while(!VSYNC);
  39   1        FIFO_WR=0;
  40   1      }


MODULE INFORMATION:   STATIC OVERLAYABLE
   CODE SIZE        =     58    ----
   CONSTANT SIZE    =   ----    ----
   XDATA SIZE       =   ----    ----
   PDATA SIZE       =   ----    ----
   DATA SIZE        =   ----    ----
   IDATA SIZE       =   ----    ----
   BIT SIZE         =   ----    ----
END OF MODULE INFORMATION.


C51 COMPILATION COMPLETE.  0 WARNING(S),  0 ERROR(S)
