C51 COMPILER V9.52.0.0   NET_CAMERA                                                        10/08/2014 10:47:03 PAGE 1   


C51 COMPILER V9.52.0.0, COMPILATION OF MODULE NET_CAMERA
OBJECT MODULE PLACED IN net_camera.OBJ
COMPILER INVOKED BY: C:\Keil\C51\BIN\C51.EXE net_camera.c LARGE BROWSE DEBUG OBJECTEXTEND TABS(2)

line level    source

   1          #include  <stc\stc15f2k60s2.h>
   2          #include  "delay.h"
   3          #include  "uart.h"
   4          #include  "sccb.h"
   5          #include  "fifo.h"
   6          #include  "OV7670.h"
   7          #include  "NRF24L01.H"
   8          #include  "net_camera.h"
   9          #include "12864.h"
  10          #include "intrins.h"
  11          
  12          
  13          //串口发送一幅图像
  14          void Uart_Camera(void)
  15          {
  16   1        unsigned char bmp;
  17   1        lcd_msg("串口传图..");
  18   1        //保存一幅图像到FIFO
  19   1        FIFO_sav();
  20   1        //图像帧头
  21   1        SendData(0x01);
  22   1        SendData(0xFE);
  23   1        for(Length=0;Length<120;Length++)
  24   1          {
  25   2            for(Width=0;Width<160;Width++)
  26   2              {
  27   3                  FIFO_RCK=0;
  28   3                  bmp=DATA_PORT;
  29   3                  SendData(bmp);
  30   3                  FIFO_RCK=1;
  31   3                  FIFO_RCK=0;
  32   3                  bmp=DATA_PORT;
  33   3                  SendData(bmp);
  34   3                  FIFO_RCK=1;
  35   3                  FIFO_RCK=0;
  36   3                  FIFO_RCK=1;
  37   3                  FIFO_RCK=0;
  38   3                  FIFO_RCK=1;
  39   3              }
  40   2            for(Width=0;Width<160;Width++)
  41   2              {
  42   3                  FIFO_RCK=0;
  43   3                  FIFO_RCK=1;
  44   3                  FIFO_RCK=0;
  45   3                  FIFO_RCK=1;
  46   3                  FIFO_RCK=0;
  47   3                  FIFO_RCK=1;
  48   3                  FIFO_RCK=0;
  49   3                  FIFO_RCK=1;
  50   3              }
  51   2          }
  52   1          //图像结束标志
  53   1          SendData(0xFE);
  54   1          SendData(0x01);
  55   1          lcd_msg("发送成功..");
C51 COMPILER V9.52.0.0   NET_CAMERA                                                        10/08/2014 10:47:03 PAGE 2   

  56   1          delay_ms(500);
  57   1      }
  58          
  59          unsigned char Length,Width;
  60          unsigned char count;      //用于计算发送缓冲区数据大小
  61          unsigned char data txbuf[32];
  62          //NRF24L01发送一幅图像
  63          void Nrf24L01_Camera_Test(void)
  64          {
  65   1        count=0;
  66   1        lcd_msg("无线传图40CH");
  67   1        //保存一幅图像到FIFO
  68   1        FIFO_sav();
  69   1        //图像帧头
  70   1        txbuf[0]=0x01;
  71   1        txbuf[1]=0xfe;
  72   1        while(NRF24L01_FLAG & NRF24L01_BUSY);
  73   1        NRF24L01_SendFrame(txbuf,2);
  74   1        for(Length=0;Length<120;Length++)
  75   1          {
  76   2            for(Width=0;Width<160;Width++)
  77   2              {
  78   3                FIFO_RCK=0;
  79   3                txbuf[count++]=DATA_PORT;
  80   3                if(count==32)
  81   3                  {
  82   4                    count=0;
  83   4                    while(NRF24L01_FLAG & NRF24L01_BUSY);
  84   4                    NRF24L01_SendFrame(txbuf,32);
  85   4                    delay_ms(2);
  86   4                  }
  87   3                FIFO_RCK=1;
  88   3                FIFO_RCK=0;
  89   3                txbuf[count++]=DATA_PORT;
  90   3                if(count==32)
  91   3                  {
  92   4                    count=0;
  93   4                    while(NRF24L01_FLAG & NRF24L01_BUSY);
  94   4                    NRF24L01_SendFrame(txbuf,32);
  95   4                    delay_ms(2);
  96   4                  }
  97   3                  FIFO_RCK=1;
  98   3                  FIFO_RCK=0;
  99   3                  FIFO_RCK=1;
 100   3                  FIFO_RCK=0;
 101   3                  FIFO_RCK=1;
 102   3              }
 103   2            for(Width=0;Width<160;Width++)
 104   2              {
 105   3                  FIFO_RCK=0;
 106   3                  FIFO_RCK=1;
 107   3                  FIFO_RCK=0;
 108   3                  FIFO_RCK=1;
 109   3                  FIFO_RCK=0;
 110   3                  FIFO_RCK=1;
 111   3                  FIFO_RCK=0;
 112   3                  FIFO_RCK=1;
 113   3              }
 114   2          }
 115   1          //图像结束标志
 116   1          txbuf[0]=0xfe;
 117   1          txbuf[1]=0x01;
C51 COMPILER V9.52.0.0   NET_CAMERA                                                        10/08/2014 10:47:03 PAGE 3   

 118   1          while(NRF24L01_FLAG & NRF24L01_BUSY);
 119   1          NRF24L01_SendFrame(txbuf,2);
 120   1          lcd_msg("发送成功..");
 121   1          delay_ms(500);
 122   1      }
 123          
 124          //NRF24L01发送一幅编码图像
 125          void Nrf24L01_Camera(void)
 126          {
 127   1        unsigned int point;
 128   1      
 129   1        lcd_msg("发送图片..");
 130   1        //保存一幅图像到FIFO
 131   1        FIFO_sav();
 132   1        txbuf[0]=0x01;
 133   1        txbuf[1]=0xfe;
 134   1        count=4;
 135   1        point=0;
 136   1        for(Length=0;Length<120;Length++)
 137   1          {
 138   2            for(Width=0;Width<160;Width++)
 139   2              {
 140   3                FIFO_RCK=0;
 141   3                txbuf[count++]=DATA_PORT;
 142   3                if(count==28)
 143   3                  {
 144   4                    count=4;
 145   4                    txbuf[2]=(point>>8);
 146   4                    txbuf[3]=point;
 147   4                    point++;
 148   4                    while(NRF24L01_FLAG & NRF24L01_BUSY);
 149   4                    NRF24L01_SendFrame(txbuf,28);
 150   4      //              delay_ms(1);
 151   4                  }
 152   3                FIFO_RCK=1;
 153   3                FIFO_RCK=0;
 154   3                txbuf[count++]=DATA_PORT;
 155   3                if(count==28)
 156   3                  {
 157   4                    count=4;
 158   4                    txbuf[2]=(point>>8);
 159   4                    txbuf[3]=point;
 160   4                    point++;
 161   4                    while(NRF24L01_FLAG & NRF24L01_BUSY);
 162   4                    NRF24L01_SendFrame(txbuf,28);
 163   4      //              delay_ms(1);
 164   4                  }
 165   3                  FIFO_RCK=1;
 166   3                  FIFO_RCK=0;
 167   3                  FIFO_RCK=1;
 168   3                  FIFO_RCK=0;
 169   3                  FIFO_RCK=1;
 170   3              }
 171   2            for(Width=0;Width<160;Width++)
 172   2              {
 173   3                  FIFO_RCK=0;
 174   3                  FIFO_RCK=1;
 175   3                  FIFO_RCK=0;
 176   3                  FIFO_RCK=1;
 177   3                  FIFO_RCK=0;
 178   3                  FIFO_RCK=1;
 179   3                  FIFO_RCK=0;
C51 COMPILER V9.52.0.0   NET_CAMERA                                                        10/08/2014 10:47:03 PAGE 4   

 180   3                  FIFO_RCK=1;
 181   3              }
 182   2          }
 183   1          lcd_msg("发送成功..");
 184   1          delay_ms(500);
 185   1      }


MODULE INFORMATION:   STATIC OVERLAYABLE
   CODE SIZE        =    663    ----
   CONSTANT SIZE    =     46    ----
   XDATA SIZE       =      3       3
   PDATA SIZE       =   ----    ----
   DATA SIZE        =     32    ----
   IDATA SIZE       =   ----    ----
   BIT SIZE         =   ----    ----
END OF MODULE INFORMATION.


C51 COMPILATION COMPLETE.  0 WARNING(S),  0 ERROR(S)
