C51 COMPILER V9.52.0.0   OV7670                                                            10/08/2014 10:47:02 PAGE 1   


C51 COMPILER V9.52.0.0, COMPILATION OF MODULE OV7670
OBJECT MODULE PLACED IN OV7670.OBJ
COMPILER INVOKED BY: C:\Keil\C51\BIN\C51.EXE OV7670.c LARGE BROWSE DEBUG OBJECTEXTEND TABS(2)

line level    source

   1          #include <stc\stc15f2k60s2.h>
   2          #include "delay.h"
   3          #include "sccb.h"
   4          #include "OV7670.h"
   5          
   6          
   7          
   8          
   9          #define OV7670_REG_NUM  114
  10          
  11          
  12          code  unsigned  char OV7670_reg[OV7670_REG_NUM][2]=
  13          {  
  14          /*OV7670 QVGA RGB565*/
  15          {0x3a, 0x04},
  16          {0x40, 0xd0},
  17          {0x12, 0x14},
  18          {0x32, 0x80},
  19          {0x17, 0x16},
  20          {0x18, 0x04},
  21          {0x19, 0x02},
  22          {0x1a, 0x7b},
  23          {0x03, 0x06},
  24          {0x0c, 0x0c},
  25          {0x15, 0x02},
  26          {0x3e, 0x00},
  27          {0x70, 0x00},
  28          {0x71, 0x01},
  29          {0x72, 0x11},
  30          {0x73, 0x09},
  31          {0xa2, 0x02},
  32          {0x11, 0x00},
  33          {0x7a, 0x20},
  34          {0x7b, 0x1c},
  35          {0x7c, 0x28},
  36          {0x7d, 0x3c},
  37          {0x7e, 0x55},
  38          {0x7f, 0x68},
  39          {0x80, 0x76},
  40          {0x81, 0x80},
  41          {0x82, 0x88},
  42          {0x83, 0x8f},
  43          {0x84, 0x96},
  44          {0x85, 0xa3},
  45          {0x86, 0xaf},
  46          {0x87, 0xc4},
  47          {0x88, 0xd7},
  48          {0x89, 0xe8},
  49          {0x13, 0xe7},
  50          {0x00, 0x00},
  51          {0x10, 0x00},
  52          {0x0d, 0x00},
  53          {0x14, 0x20},
  54          {0xa5, 0x05},
  55          {0xab, 0x07},
C51 COMPILER V9.52.0.0   OV7670                                                            10/08/2014 10:47:02 PAGE 2   

  56          {0x24, 0x75},
  57          {0x25, 0x63},
  58          {0x26, 0xA5},
  59          {0x9f, 0x78},
  60          {0xa0, 0x68},
  61          {0xa1, 0x03},
  62          {0xa6, 0xdf},
  63          {0xa7, 0xdf},
  64          {0xa8, 0xf0},
  65          {0xa9, 0x90},
  66          {0xaa, 0x94},
  67          {0x13, 0xe5},
  68          {0x0e, 0x61},
  69          {0x0f, 0x4b},
  70          {0x16, 0x02},
  71          {0x1e, 0x27},
  72          {0x21, 0x02},
  73          {0x22, 0x91},
  74          {0x29, 0x07},
  75          {0x33, 0x0b},
  76          {0x35, 0x0b},
  77          {0x37, 0x1d},
  78          {0x38, 0x71},
  79          {0x39, 0x2a},
  80          {0x3c, 0x78},
  81          {0x4d, 0x40},
  82          {0x4e, 0x20},
  83          {0x69, 0x5d},
  84          {0x6b, 0x40},
  85          {0x74, 0x19},
  86          {0x8d, 0x4f},
  87          {0x8e, 0x00},
  88          {0x8f, 0x00},
  89          {0x90, 0x00},
  90          {0x91, 0x00},
  91          {0x92, 0x00},
  92          {0x96, 0x00},
  93          {0x9a, 0x80},
  94          {0xb0, 0x84},
  95          {0xb1, 0x0c},
  96          {0xb2, 0x0e},
  97          {0xb3, 0x82},
  98          {0xb8, 0x0a},
  99          {0x43, 0x14},
 100          {0x44, 0xf0},
 101          {0x45, 0x34},
 102          {0x46, 0x58},
 103          {0x47, 0x28},
 104          {0x48, 0x3a},
 105          {0x59, 0x88},
 106          {0x5a, 0x88},
 107          {0x5b, 0x44},
 108          {0x5c, 0x67},
 109          {0x5d, 0x49},
 110          {0x5e, 0x0e},
 111          {0x64, 0x04},
 112          {0x65, 0x20},
 113          {0x66, 0x05},
 114          {0x94, 0x04},
 115          {0x95, 0x08},
 116          {0x6c, 0x0a},
 117          {0x6d, 0x55},
C51 COMPILER V9.52.0.0   OV7670                                                            10/08/2014 10:47:02 PAGE 3   

 118          {0x4f, 0x80},
 119          {0x50, 0x80},
 120          {0x51, 0x00},
 121          {0x52, 0x22},
 122          {0x53, 0x5e},
 123          {0x54, 0x80},
 124          {0x6e, 0x11},
 125          {0x6f, 0x9f},
 126          {0x55, 0x00},
 127          {0x56, 0x40},
 128          {0x58, 0x9e},
 129          };
 130          
 131          void  OV7670_Init()
 132          {
 133   1        unsigned char i;
 134   1        PWDN=0;         //关闭省电模式
 135   1        //硬件复位
 136   1        RESET=0;
 137   1        delay_ms(10);
 138   1        RESET=1;  
 139   1        delay_ms(10);
 140   1        sccb_senddata(0x12,0x80);   //软件复位
 141   1        for(i=0;i<OV7670_REG_NUM;i++)
 142   1        {
 143   2          sccb_senddata(OV7670_reg[i][0],OV7670_reg[i][1]);
 144   2        }
 145   1      }
 146          //省电模式
 147          void OV7670_off()
 148          {
 149   1        PWDN=1;
 150   1      }
 151          //正常模式
 152          void OV7670_on()
 153          {
 154   1        PWDN=0;
 155   1      }


MODULE INFORMATION:   STATIC OVERLAYABLE
   CODE SIZE        =     88    ----
   CONSTANT SIZE    =    228    ----
   XDATA SIZE       =   ----       1
   PDATA SIZE       =   ----    ----
   DATA SIZE        =   ----    ----
   IDATA SIZE       =   ----    ----
   BIT SIZE         =   ----    ----
END OF MODULE INFORMATION.


C51 COMPILATION COMPLETE.  0 WARNING(S),  0 ERROR(S)
