C51 COMPILER V9.52.0.0   UART                                                              10/08/2014 10:47:02 PAGE 1   


C51 COMPILER V9.52.0.0, COMPILATION OF MODULE UART
OBJECT MODULE PLACED IN uart.OBJ
COMPILER INVOKED BY: C:\Keil\C51\BIN\C51.EXE uart.c LARGE BROWSE DEBUG OBJECTEXTEND TABS(2)

line level    source

   1          #include "uart.h"
   2          
   3          
   4          bit Flag;
   5          unsigned char GetC;
   6          
   7          /*----------------------------
   8              UART1初始化
   9          -----------------------------*/
  10          void InitUART(void)
  11          {
  12   1        SCON = 0x50;
  13   1        AUXR |= 0x40;
  14   1        AUXR &= 0xFE;
  15   1        TMOD &= 0x0F;
  16   1        TL1 = 0xBF;
  17   1        TH1 = 0xFF; 
  18   1        ET1 = 0;
  19   1        TI=1;
  20   1        TR1 = 1;
  21   1      //  ES = 1;
  22   1      //  EA = 1;
  23   1      }
  24          
  25          
  26          /*----------------------------
  27          UART 中断服务程序
  28          -----------------------------*/
  29          void Uart() interrupt 4
  30          {
  31   1          if (RI)
  32   1          {
  33   2          RI = 0;                 //清除RI位
  34   2          GetC = SBUF; 
  35   2          Flag=1;
  36   2          }
  37   1      
  38   1      
  39   1      }
  40          
  41          /*----------------------------
  42          发送串口数据
  43          ----------------------------*/
  44          void SendData(unsigned char dat)
  45          {
  46   1          while (0==TI);               //等待前面的数据发送完成
  47   1          TI = 0;                 //清除TI位
  48   1          SBUF = dat;                 //写数据到UART数据寄存器
  49   1      }
  50          
  51          /*----------------------------
  52          发送字符串
  53          ----------------------------*/
  54          void SendString(unsigned char *s)
  55          {
C51 COMPILER V9.52.0.0   UART                                                              10/08/2014 10:47:02 PAGE 2   

  56   1          while (*s)                  //检测字符串结束标志
  57   1          {
  58   2              SendData(*s++);         //发送当前字符
  59   2          }
  60   1      }
  61          


MODULE INFORMATION:   STATIC OVERLAYABLE
   CODE SIZE        =    110    ----
   CONSTANT SIZE    =   ----    ----
   XDATA SIZE       =      1       3
   PDATA SIZE       =   ----    ----
   DATA SIZE        =   ----    ----
   IDATA SIZE       =   ----    ----
   BIT SIZE         =      1    ----
END OF MODULE INFORMATION.


C51 COMPILATION COMPLETE.  0 WARNING(S),  0 ERROR(S)
